#
# A fatal error has been detected by the Java Runtime Environment:
#
#  EXCEPTION_ACCESS_VIOLATION (0xc0000005) at pc=0x000001f61e2a0f0f, pid=25892, tid=26580
#
# JRE version: Java(TM) SE Runtime Environment (22.0.2+9) (build 22.0.2+9-70)
# Java VM: Java HotSpot(TM) 64-Bit Server VM (22.0.2+9-70, mixed mode, emulated-client, sharing, tiered, compressed oops, compressed class ptrs, g1 gc, windows-amd64)
# Problematic frame:
# v  ~BufferBlob::MethodHandles adapters 0x000001f61e2a0f0f
#
# No core dump will be written. Minidumps are not enabled by default on client versions of Windows
#
# If you would like to submit a bug report, please visit:
#   https://bugreport.java.com/bugreport/crash.jsp
#

---------------  S U M M A R Y ------------

Command Line: -XX:+ShowCodeDetailsInExceptionMessages -agentlib:jdwp=transport=dt_socket,suspend=y,address=localhost:59912 -Dcom.sun.management.jmxremote -Dcom.sun.management.jmxremote.port=59911 -Dcom.sun.management.jmxremote.authenticate=false -Dcom.sun.management.jmxremote.ssl=false -Djava.rmi.server.hostname=localhost -Dspring.jmx.enabled=true -Dmanagement.endpoints.jmx.exposure.include=* -Dspring.application.admin.enabled=true -XX:TieredStopAtLevel=1 -Dspring.boot.project.name=project_back -javaagent:D:\sts-4.21.1.RELEASE\configuration\org.eclipse.osgi\259\0\.cp\lib\javaagent-shaded.jar -Dfile.encoding=UTF-8 -Dstdout.encoding=UTF-8 -Dstderr.encoding=UTF-8 com.restdemo.RestdemoApplication --spring.output.ansi.enabled=always

Host: Intel(R) Core(TM) i5-7500 CPU @ 3.40GHz, 4 cores, 15G,  Windows 10 , 64 bit Build 19041 (10.0.19041.4957)
Time: Thu Oct 31 08:21:47 2024  Windows 10 , 64 bit Build 19041 (10.0.19041.4957) elapsed time: 1621.738560 seconds (0d 0h 27m 1s)

---------------  T H R E A D  ---------------

Current thread (0x000001f66e817080):  JavaThread "http-nio-8080-exec-1" daemon [_thread_in_Java, id=26580, stack(0x000000ba22c00000,0x000000ba22d00000) (1024K)]

Stack: [0x000000ba22c00000,0x000000ba22d00000],  sp=0x000000ba22cf9bb8,  free space=998k
Native frames: (J=compiled Java code, j=interpreted, Vv=VM code, C=native code)
C  0x000001f61e2a0f0f  (no source info available)

The last pc belongs to _linkToVirtual (printed below).

siginfo: EXCEPTION_ACCESS_VIOLATION (0xc0000005), reading address 0xffffffffffffffff


Registers:
RAX=0x000001f61e279613, RBX=0x0000000702a00080, RCX=0xfffffffffffffff7, RDX=0x0000000000000004
RSP=0x000000ba22cf9bb8, RBP=0x000000ba22cf9c18, RSI=0x000001f66fbbccb8, RDI=0x000001f66e629f00
R8 =0x0000000000000004, R9 =0x0000000000000004, R10=0x00007ffb761bc840, R11=0x000001f66b30c288
R12=0x0000000000000000, R13=0x000000ba22cf9bb8, R14=0x000000ba22cf9c48, R15=0x000001f66e817080
RIP=0x000001f61e2a0f0f, EFLAGS=0x0000000000010202


Register to memory mapping:

RAX=0x000001f61e279613 is at code_begin+4499 in an Interpreter codelet
return entry points  [0x000001f61e278480, 0x000001f61e27a388]  7944 bytes
RBX=0x0000000702a00080 is an oop: com.restdemo.domain.User 
{0x0000000702a00080} - klass: 'com/restdemo/domain/User'
 - ---- fields (total size 8 words):
 - private 'isAccountNonExpired' 'Z' @12  false (0x00)
 - private 'isAccountNonLocked' 'Z' @13  false (0x00)
 - private 'isCredentialsNonExpired' 'Z' @14  false (0x00)
 - private 'isEnabled' 'Z' @15  false (0x00)
 - private 'index' 'Ljava/lang/String;' @16  "3"{0x0000000702a04680} (0xe05408d0)
 - private 'username' 'Ljava/lang/String;' @20  null (0x00000000)
 - private 'password' 'Ljava/lang/String;' @24  null (0x00000000)
 - private 'name' 'Ljava/lang/String;' @28  null (0x00000000)
 - private 'regisDateTime' 'Ljava/lang/String;' @32  null (0x00000000)
 - private 'updateDateTime' 'Ljava/lang/String;' @36  null (0x00000000)
 - private 'email' 'Ljava/lang/String;' @40  null (0x00000000)
 - private 'address' 'Ljava/lang/String;' @44  null (0x00000000)
 - private 'number' 'Ljava/lang/String;' @48  null (0x00000000)
 - private 'auth' 'Ljava/lang/String;' @52  "ROLE_ADMIN"{0x0000000702a046b0} (0xe05408d6)
 - private 'point' 'Ljava/lang/String;' @56  null (0x00000000)
 - private 'authorities' 'Ljava/util/Collection;' @60  null (0x00000000)
RCX=0xfffffffffffffff7 is an unknown value
RDX=0x0000000000000004 is an unknown value
RSP=0x000000ba22cf9bb8 is pointing into the stack for thread: 0x000001f66e817080
RBP=0x000000ba22cf9c18 is pointing into the stack for thread: 0x000001f66e817080
RSI=0x000001f66fbbccb8 points into unknown readable memory: 0x88000b0037b97806 | 06 78 b9 37 00 0b 00 88
RDI=0x000001f66e629f00 points into unknown readable memory: 0x0000002800000080 | 80 00 00 00 28 00 00 00
R8 =0x0000000000000004 is an unknown value
R9 =0x0000000000000004 is an unknown value
R10=0x00007ffb761bc840 jvm.dll
R11={method} {0x000001f66b30c290} 'invokeVirtual' '(Ljava/lang/Object;Ljava/lang/Object;Ljava/lang/Object;Ljava/lang/Object;)Ljava/lang/Object;' in 'java/lang/invoke/LambdaForm$DMH+0x000001f62a32cc00'
R12=0x0 is null
R13=0x000000ba22cf9bb8 is pointing into the stack for thread: 0x000001f66e817080
R14=0x000000ba22cf9c48 is pointing into the stack for thread: 0x000001f66e817080
R15=0x000001f66e817080 is a thread

Top of Stack: (sp=0x000000ba22cf9bb8)
0x000000ba22cf9bb8:   000001f61e279613 0000000702a00068
0x000000ba22cf9bc8:   0000000701c21eb8 fffffffffffffff7
0x000000ba22cf9bd8:   000001f66b30c276 0000000000000006
0x000000ba22cf9be8:   000001f66b30c430 000000ba22cf9cb8
0x000000ba22cf9bf8:   0000000700c1e1b8 000001f66b30c288
0x000000ba22cf9c08:   fffffffffffffff4 000000ba22cf9c50
0x000000ba22cf9c18:   000000ba22cf9cb8 000001f61e279613
0x000000ba22cf9c28:   0000000701c21f00 0000000702a00080
0x000000ba22cf9c38:   0000000702a00068 0000000701c21eb8
0x000000ba22cf9c48:   0000000701c21ed8 000000070312a678
0x000000ba22cf9c58:   0000000703126e48 000000070264cb68
0x000000ba22cf9c68:   000000070296dfa8 fffffffffffffff7
0x000000ba22cf9c78:   000001f66aa30701 000000000000000c
0x000000ba22cf9c88:   000001f66a430528 0000000000000000
0x000000ba22cf9c98:   0000000701a23af8 000001f66aa30710
0x000000ba22cf9ca8:   fffffffffffffff3 000000ba22cf9d20
0x000000ba22cf9cb8:   000000ba22cf9fc8 000001f61ec06b3a
0x000000ba22cf9cc8:   0000000701c21ed8 0000000701c21eb8
0x000000ba22cf9cd8:   0000000701c21fb0 0000000702a00080
0x000000ba22cf9ce8:   0000000701c21f88 0000000702a00068
0x000000ba22cf9cf8:   0000000701c21f60 0000000702a00080
0x000000ba22cf9d08:   0000000702a00068 0000000701c21eb8
0x000000ba22cf9d18:   0000000701c21f30 000001f61f184bc0
0x000000ba22cf9d28:   000001f61f187040 000001f61f187680
0x000000ba22cf9d38:   00007ffb75bf8498 000000ba22cfad40
0x000000ba22cf9d48:   000001f61f185e34 000000ba22cf9fc8
0x000000ba22cf9d58:   000001f61e614ac4 00003a0000000000
0x000000ba22cf9d68:   000000ba22cfafc0 000000ba22cfad40
0x000000ba22cf9d78:   000001f66e817080 0000000000000001
0x000000ba22cf9d88:   0000000000000c00 0000000000000000
0x000000ba22cf9d98:   0000000000000000 0000000000000000
0x000000ba22cf9da8:   0000000000000000 0000000000000000 

Instructions: (pc=0x000001f61e2a0f0f)
0x000001f61e2a0e0f:   00 b0 33 f1 75 fb 7f 00 00 80 0e 2a 1e f6 01 00
0x000001f61e2a0e1f:   00 00 1f 2a 1e f6 01 00 00 80 0e 2a 1e f6 01 00
0x000001f61e2a0e2f:   00 00 1f 2a 1e f6 01 00 00 70 0e 2a 1e f6 01 00
0x000001f61e2a0e3f:   00 70 0e 2a 1e f6 01 00 00 00 00 00 00 00 00 00
0x000001f61e2a0e4f:   00 50 34 f1 75 fb 7f 00 00 f0 10 00 00 60 00 00
0x000001f61e2a0e5f:   00 ff ff ff ff f0 10 00 00 00 00 00 00 00 00 00
0x000001f61e2a0e6f:   00 00 00 00 00 00 00 00 00 00 00 00 00 00 00 00
0x000001f61e2a0e7f:   00 f4 66 66 66 0f 1f 84 00 00 00 00 00 66 66 66
0x000001f61e2a0e8f:   90 66 66 66 0f 1f 84 00 00 00 00 00 66 66 66 90
0x000001f61e2a0e9f:   90 48 8b 53 08 0f b7 52 2e 48 8b 0c d4 8b 59 14
0x000001f61e2a0eaf:   48 c1 e3 03 8b 5b 28 48 c1 e3 03 8b 5b 24 48 c1
0x000001f61e2a0ebf:   e3 03 48 8b 5b 10 48 85 db 0f 84 10 00 00 00 41
0x000001f61e2a0ecf:   80 bf e8 05 00 00 00 74 03 ff 63 38 ff 63 50 e9
0x000001f61e2a0edf:   9d 16 00 00 66 66 66 0f 1f 84 00 00 00 00 00 66
0x000001f61e2a0eef:   66 66 90 66 66 0f 1f 84 00 00 00 00 00 66 66 66
0x000001f61e2a0eff:   90 48 8b 53 08 0f b7 52 2e 48 8b 0c d4 58 5b 50
0x000001f61e2a0f0f:   44 8b 51 08 49 bb 00 00 00 29 f6 01 00 00 4d 03
0x000001f61e2a0f1f:   d3 4c 8b 5b 10 4b 8b 9c da c8 01 00 00 48 85 db
0x000001f61e2a0f2f:   0f 84 10 00 00 00 41 80 bf e8 05 00 00 00 74 03
0x000001f61e2a0f3f:   ff 63 38 ff 63 50 e9 36 16 00 00 66 66 66 0f 1f
0x000001f61e2a0f4f:   84 00 00 00 00 00 66 66 66 90 0f 1f 80 00 00 00
0x000001f61e2a0f5f:   00 58 5b 50 8b 5b 24 48 c1 e3 03 48 8b 5b 10 48
0x000001f61e2a0f6f:   85 db 0f 84 10 00 00 00 41 80 bf e8 05 00 00 00
0x000001f61e2a0f7f:   74 03 ff 63 38 ff 63 50 e9 f4 15 00 00 66 66 66
0x000001f61e2a0f8f:   0f 1f 84 00 00 00 00 00 66 66 66 90 0f 1f 44 00
0x000001f61e2a0f9f:   00 48 8b 53 08 0f b7 52 2e 48 8b 0c d4 58 5b 50
0x000001f61e2a0faf:   48 3b 01 8b 5b 24 48 c1 e3 03 48 8b 5b 10 48 85
0x000001f61e2a0fbf:   db 0f 84 10 00 00 00 41 80 bf e8 05 00 00 00 74
0x000001f61e2a0fcf:   03 ff 63 38 ff 63 50 e9 a5 15 00 00 0f 1f 44 00
0x000001f61e2a0fdf:   00 48 8b 53 08 0f b7 52 2e 48 8b 0c d4 58 5b 50
0x000001f61e2a0fef:   44 8b 51 08 49 bb 00 00 00 29 f6 01 00 00 4d 03
0x000001f61e2a0fff:   d3 8b 43 18 48 c1 e0 03 48 8b 40 10 48 8b 5b 10 


Stack slot to memory mapping:

stack at sp + 0 slots: 0x000001f61e279613 is at code_begin+4499 in an Interpreter codelet
return entry points  [0x000001f61e278480, 0x000001f61e27a388]  7944 bytes
stack at sp + 1 slots: 0x0000000702a00068 is an oop: java.lang.String 
{0x0000000702a00068} - klass: 'java/lang/String'
 - string: "Bearer eyJhbGciOiJIUzI1NiJ9.eyJzdWIiOiJhc2QiLCJpYXQiOjE3MzAzMzAxNjEsImV4cCI6MTczMDMzMDc2MX0.0IleRj0wPnzeb75Fr7T4tEWcO7IyShQVfix33LIK4dQ"
 - ---- fields (total size 3 words):
 - private 'hash' 'I' @12  0 (0x00000000)
 - private final 'coder' 'B' @16  0 (0x00)
 - private 'hashIsZero' 'Z' @17  false (0x00)
 - injected 'flags' 'B' @18  0 (0x00)
 - private final 'value' '[B' @20  [B{0x0000000702a046e8} (0xe05408dd)
stack at sp + 2 slots: 0x0000000701c21eb8 is an oop: com.restdemo.controller.UserController 
{0x0000000701c21eb8} - klass: 'com/restdemo/controller/UserController'
 - ---- fields (total size 4 words):
 - 'jwtService' 'Lcom/restdemo/service/JwtService;' @12  a 'com/restdemo/service/JwtService'{0x0000000701c22360} (0xe038446c)
 - 'refreshTokenService' 'Lcom/restdemo/service/RefreshTokenService;' @16  a 'com/restdemo/service/RefreshTokenService'{0x0000000701f3fe00} (0xe03e7fc0)
 - 'authenticationManager' 'Lorg/springframework/security/authentication/AuthenticationManager;' @20  a 'org/springframework/security/authentication/ProviderManager'{0x0000000701f3b1e0} (0xe03e763c)
 - 'userService' 'Lcom/restdemo/service/UserService;' @24  a 'com/restdemo/service/UserServiceImpl'{0x0000000701c22370} (0xe038446e)
 - 'passwordEncoder' 'Lorg/springframework/security/crypto/password/PasswordEncoder;' @28  a 'org/springframework/security/crypto/bcrypt/BCryptPasswordEncoder'{0x0000000701d72b88} (0xe03ae571)
stack at sp + 3 slots: 0xfffffffffffffff7 is an unknown value
stack at sp + 4 slots: 0x000001f66b30c276 is pointing into metadata
stack at sp + 5 slots: 0x0000000000000006 is an unknown value
stack at sp + 6 slots: 0x000001f66b30c430 is pointing into metadata
stack at sp + 7 slots: 0x000000ba22cf9cb8 is pointing into the stack for thread: 0x000001f66e817080

MethodHandle::interpreter_entry::_linkToVirtual [0x000001f61e2a0ee3, 0x000001f61e2a0f4a] (103 bytes)
[MachCode]
  0x000001f61e2a0ee3: 6666 660f | 1f84 0000 | 0000 0066 | 6666 9066 | 660f 1f84 | 0000 0000 | 0066 6666 | 9048 8b53 
  0x000001f61e2a0f03: 080f b752 | 2e48 8b0c | d458 5b50 | 448b 5108 | 49bb 0000 | 0029 f601 | 0000 4d03 | d34c 8b5b 
  0x000001f61e2a0f23: 104b 8b9c | dac8 0100 | 0048 85db | 0f84 1000 | 0000 4180 | bfe8 0500 | 0000 7403 | ff63 38ff 
  0x000001f61e2a0f43: 6350 e936 | 
[/MachCode]

---------------  P R O C E S S  ---------------

Threads class SMR info:
_java_thread_list=0x000001f66fc69520, length=38, elements={
0x000001f62851f170, 0x000001f628520c00, 0x000001f6285224f0, 0x000001f6285240c0,
0x000001f628524b20, 0x000001f628525580, 0x000001f628525fe0, 0x000001f6286b2e00,
0x000001f62872a1c0, 0x000001f62872ea80, 0x000001f62872f110, 0x000001f66e0fd900,
0x000001f66e304910, 0x000001f66e30af70, 0x000001f66e35d2a0, 0x000001f66e3812c0,
0x000001f66e38a570, 0x000001f66e437c50, 0x000001f66e814290, 0x000001f66f97a580,
0x000001f66f97b930, 0x000001f66e815640, 0x000001f66e817080, 0x000001f66e815cd0,
0x000001f66e817710, 0x000001f66f97ac10, 0x000001f66f976a70, 0x000001f66f97b2a0,
0x000001f66f97bfc0, 0x000001f66f978b40, 0x000001f66f977790, 0x000001f66f9784b0,
0x000001f66f977e20, 0x000001f66f977100, 0x000001f66f9791d0, 0x000001f66f979860,
0x000001f66f975030, 0x000001f66f97c650
}

Java Threads: ( => current thread )
  0x000001f62851f170 JavaThread "Reference Handler"          daemon [_thread_blocked, id=22768, stack(0x000000ba21200000,0x000000ba21300000) (1024K)]
  0x000001f628520c00 JavaThread "Finalizer"                  daemon [_thread_blocked, id=23668, stack(0x000000ba21300000,0x000000ba21400000) (1024K)]
  0x000001f6285224f0 JavaThread "Signal Dispatcher"          daemon [_thread_blocked, id=2480, stack(0x000000ba21400000,0x000000ba21500000) (1024K)]
  0x000001f6285240c0 JavaThread "Attach Listener"            daemon [_thread_blocked, id=12456, stack(0x000000ba21500000,0x000000ba21600000) (1024K)]
  0x000001f628524b20 JavaThread "Service Thread"             daemon [_thread_blocked, id=27060, stack(0x000000ba21600000,0x000000ba21700000) (1024K)]
  0x000001f628525580 JavaThread "Monitor Deflation Thread"   daemon [_thread_blocked, id=23064, stack(0x000000ba21700000,0x000000ba21800000) (1024K)]
  0x000001f628525fe0 JavaThread "C1 CompilerThread0"         daemon [_thread_blocked, id=12804, stack(0x000000ba21800000,0x000000ba21900000) (1024K)]
  0x000001f6286b2e00 JavaThread "Common-Cleaner"             daemon [_thread_blocked, id=27108, stack(0x000000ba21900000,0x000000ba21a00000) (1024K)]
  0x000001f62872a1c0 JavaThread "JDWP Transport Listener: dt_socket" daemon [_thread_blocked, id=18928, stack(0x000000ba21b00000,0x000000ba21c00000) (1024K)]
  0x000001f62872ea80 JavaThread "JDWP Event Helper Thread"   daemon [_thread_blocked, id=10188, stack(0x000000ba21c00000,0x000000ba21d00000) (1024K)]
  0x000001f62872f110 JavaThread "JDWP Command Reader"        daemon [_thread_in_native, id=27296, stack(0x000000ba21d00000,0x000000ba21e00000) (1024K)]
  0x000001f66e0fd900 JavaThread "Notification Thread"        daemon [_thread_blocked, id=26780, stack(0x000000ba21e00000,0x000000ba21f00000) (1024K)]
  0x000001f66e304910 JavaThread "RMI TCP Accept-0"           daemon [_thread_in_native, id=2528, stack(0x000000ba22300000,0x000000ba22400000) (1024K)]
  0x000001f66e30af70 JavaThread "RMI TCP Accept-59911"       daemon [_thread_in_native, id=25144, stack(0x000000ba22400000,0x000000ba22500000) (1024K)]
  0x000001f66e35d2a0 JavaThread "RMI TCP Accept-0"           daemon [_thread_in_native, id=26164, stack(0x000000ba22600000,0x000000ba22700000) (1024K)]
  0x000001f66e3812c0 JavaThread "RMI Scheduler(0)"           daemon [_thread_blocked, id=10496, stack(0x000000ba22700000,0x000000ba22800000) (1024K)]
  0x000001f66e38a570 JavaThread "RMI TCP Connection(idle)"   daemon [_thread_blocked, id=12692, stack(0x000000ba22800000,0x000000ba22900000) (1024K)]
  0x000001f66e437c50 JavaThread "JMX server connection timeout 33" daemon [_thread_blocked, id=24788, stack(0x000000ba22900000,0x000000ba22a00000) (1024K)]
  0x000001f66e814290 JavaThread "VirtualThread-unparker"     daemon [_thread_blocked, id=15840, stack(0x000000ba22d00000,0x000000ba22e00000) (1024K)]
  0x000001f66f97a580 JavaThread "Live Reload Server"         daemon [_thread_in_native, id=25960, stack(0x000000ba23d00000,0x000000ba23e00000) (1024K)]
  0x000001f66f97b930 JavaThread "DestroyJavaVM"                     [_thread_blocked, id=416, stack(0x000000ba20a00000,0x000000ba20b00000) (1024K)]
  0x000001f66e815640 JavaThread "Catalina-utility-1"                [_thread_blocked, id=13924, stack(0x000000ba22b00000,0x000000ba22c00000) (1024K)]
=>0x000001f66e817080 JavaThread "http-nio-8080-exec-1"       daemon [_thread_in_Java, id=26580, stack(0x000000ba22c00000,0x000000ba22d00000) (1024K)]
  0x000001f66e815cd0 JavaThread "http-nio-8080-exec-2"       daemon [_thread_blocked, id=2424, stack(0x000000ba22e00000,0x000000ba22f00000) (1024K)]
  0x000001f66e817710 JavaThread "http-nio-8080-exec-3"       daemon [_thread_blocked, id=27560, stack(0x000000ba22f00000,0x000000ba23000000) (1024K)]
  0x000001f66f97ac10 JavaThread "http-nio-8080-exec-4"       daemon [_thread_blocked, id=24344, stack(0x000000ba23000000,0x000000ba23100000) (1024K)]
  0x000001f66f976a70 JavaThread "http-nio-8080-exec-5"       daemon [_thread_blocked, id=23996, stack(0x000000ba23100000,0x000000ba23200000) (1024K)]
  0x000001f66f97b2a0 JavaThread "http-nio-8080-exec-6"       daemon [_thread_blocked, id=10140, stack(0x000000ba23200000,0x000000ba23300000) (1024K)]
  0x000001f66f97bfc0 JavaThread "http-nio-8080-exec-7"       daemon [_thread_blocked, id=26160, stack(0x000000ba23300000,0x000000ba23400000) (1024K)]
  0x000001f66f978b40 JavaThread "http-nio-8080-exec-8"       daemon [_thread_blocked, id=24224, stack(0x000000ba23400000,0x000000ba23500000) (1024K)]
  0x000001f66f977790 JavaThread "http-nio-8080-exec-9"       daemon [_thread_blocked, id=24092, stack(0x000000ba23500000,0x000000ba23600000) (1024K)]
  0x000001f66f9784b0 JavaThread "http-nio-8080-exec-10"      daemon [_thread_blocked, id=27156, stack(0x000000ba23600000,0x000000ba23700000) (1024K)]
  0x000001f66f977e20 JavaThread "Catalina-utility-2"                [_thread_blocked, id=26600, stack(0x000000ba23700000,0x000000ba23800000) (1024K)]
  0x000001f66f977100 JavaThread "container-0"                       [_thread_blocked, id=7976, stack(0x000000ba23800000,0x000000ba23900000) (1024K)]
  0x000001f66f9791d0 JavaThread "File Watcher"               daemon [_thread_blocked, id=27212, stack(0x000000ba23900000,0x000000ba23a00000) (1024K)]
  0x000001f66f979860 JavaThread "http-nio-8080-Poller"       daemon [_thread_in_native, id=16972, stack(0x000000ba23a00000,0x000000ba23b00000) (1024K)]
  0x000001f66f975030 JavaThread "http-nio-8080-Acceptor"     daemon [_thread_in_native, id=15692, stack(0x000000ba23b00000,0x000000ba23c00000) (1024K)]
  0x000001f66f97c650 JavaThread "HikariPool-4 housekeeper"   daemon [_thread_blocked, id=27096, stack(0x000000ba20900000,0x000000ba20a00000) (1024K)]
Total: 38

Other Threads:
  0x000001f6284fd1a0 VMThread "VM Thread"                           [id=22796, stack(0x000000ba21100000,0x000000ba21200000) (1024K)]
  0x000001f6284e5b40 WatcherThread "VM Periodic Task Thread"        [id=1856, stack(0x000000ba21000000,0x000000ba21100000) (1024K)]
  0x000001f615f8ac60 WorkerThread "GC Thread#0"                     [id=7968, stack(0x000000ba20b00000,0x000000ba20c00000) (1024K)]
  0x000001f66e28b020 WorkerThread "GC Thread#1"                     [id=3508, stack(0x000000ba22000000,0x000000ba22100000) (1024K)]
  0x000001f66e28b3d0 WorkerThread "GC Thread#2"                     [id=13252, stack(0x000000ba22100000,0x000000ba22200000) (1024K)]
  0x000001f66e28b780 WorkerThread "GC Thread#3"                     [id=25996, stack(0x000000ba22200000,0x000000ba22300000) (1024K)]
  0x000001f615f9d840 ConcurrentGCThread "G1 Main Marker"            [id=26648, stack(0x000000ba20c00000,0x000000ba20d00000) (1024K)]
  0x000001f615f9e260 WorkerThread "G1 Conc#0"                       [id=25660, stack(0x000000ba20d00000,0x000000ba20e00000) (1024K)]
  0x000001f6283a81a0 ConcurrentGCThread "G1 Refine#0"               [id=24972, stack(0x000000ba20e00000,0x000000ba20f00000) (1024K)]
  0x000001f6283aa9e0 ConcurrentGCThread "G1 Service"                [id=27044, stack(0x000000ba20f00000,0x000000ba21000000) (1024K)]
Total: 10

Threads with active compile tasks:
Total: 0

VM state: not at safepoint (normal execution)

VM Mutex/Monitor currently owned by a thread: None

Heap address: 0x0000000700800000, size: 4088 MB, Compressed Oops mode: Zero based, Oop shift amount: 3

CDS archive(s) mapped at: [0x000001f629000000-0x000001f629c60000-0x000001f629c60000), size 12976128, SharedBaseAddress: 0x000001f629000000, ArchiveRelocationMode: 1.
Compressed class space mapped at: 0x000001f62a000000-0x000001f66a000000, reserved size: 1073741824
Narrow klass base: 0x000001f629000000, Narrow klass shift: 0, Narrow klass range: 0x41000000

GC Precious Log:
 CardTable entry size: 512
 Card Set container configuration: InlinePtr #cards 4 size 8 Array Of Cards #cards 16 size 48 Howl #buckets 8 coarsen threshold 3686 Howl Bitmap #cards 512 size 80 coarsen threshold 460 Card regions per heap region 1 cards per card region 4096
 CPUs: 4 total, 4 available
 Memory: 16347M
 Large Page Support: Disabled
 NUMA Support: Disabled
 Compressed Oops: Enabled (Zero based)
 Heap Region Size: 2M
 Heap Min Capacity: 8M
 Heap Initial Capacity: 256M
 Heap Max Capacity: 4088M
 Pre-touch: Disabled
 Parallel Workers: 4
 Concurrent Workers: 1
 Concurrent Refinement Workers: 4
 Periodic GC: Disabled

Heap:
 garbage-first heap   total reserved 4186112K, committed 61440K, used 28505K [0x0000000700800000, 0x0000000800000000)
  region size 2048K, 3 young (6144K), 1 survivors (2048K)
 Metaspace       used 47498K, committed 48320K, reserved 1114112K
  class space    used 6518K, committed 6848K, reserved 1048576K

Heap Regions: E=young(eden), S=young(survivor), O=old, HS=humongous(starts), HC=humongous(continues), CS=collection set, F=free, TAMS=top-at-mark-start, PB=parsable bottom
|   0|0x0000000700800000, 0x0000000700a00000, 0x0000000700a00000|100%| O|  |TAMS 0x0000000700800000| PB 0x0000000700800000| Untracked |  0
|   1|0x0000000700a00000, 0x0000000700bffff8, 0x0000000700c00000| 99%| O|  |TAMS 0x0000000700a00000| PB 0x0000000700a00000| Untracked |  0
|   2|0x0000000700c00000, 0x0000000700dfff00, 0x0000000700e00000| 99%| O|  |TAMS 0x0000000700c00000| PB 0x0000000700c00000| Untracked |  0
|   3|0x0000000700e00000, 0x0000000700ffbce8, 0x0000000701000000| 99%| O|  |TAMS 0x0000000700e00000| PB 0x0000000700e00000| Untracked |  0
|   4|0x0000000701000000, 0x0000000701200000, 0x0000000701200000|100%| O|  |TAMS 0x0000000701000000| PB 0x0000000701000000| Untracked |  0
|   5|0x0000000701200000, 0x00000007013ffff8, 0x0000000701400000| 99%| O|  |TAMS 0x0000000701200000| PB 0x0000000701200000| Untracked |  0
|   6|0x0000000701400000, 0x00000007015fffc8, 0x0000000701600000| 99%| O|  |TAMS 0x0000000701400000| PB 0x0000000701400000| Untracked |  0
|   7|0x0000000701600000, 0x00000007017a24c0, 0x0000000701800000| 81%| O|  |TAMS 0x0000000701600000| PB 0x0000000701600000| Untracked |  0
|   8|0x0000000701800000, 0x0000000701929378, 0x0000000701a00000| 58%| O|  |TAMS 0x0000000701800000| PB 0x0000000701800000| Untracked |  0
|   9|0x0000000701a00000, 0x0000000701c00000, 0x0000000701c00000|100%| O|  |TAMS 0x0000000701a00000| PB 0x0000000701a00000| Untracked |  0
|  10|0x0000000701c00000, 0x0000000701e00000, 0x0000000701e00000|100%| O|  |TAMS 0x0000000701c00000| PB 0x0000000701c00000| Untracked |  0
|  11|0x0000000701e00000, 0x0000000702000000, 0x0000000702000000|100%| O|  |TAMS 0x0000000701e00000| PB 0x0000000701e00000| Untracked |  0
|  12|0x0000000702000000, 0x0000000702200000, 0x0000000702200000|100%| O|  |TAMS 0x0000000702000000| PB 0x0000000702000000| Untracked |  0
|  13|0x0000000702200000, 0x000000070225ae80, 0x0000000702400000| 17%| O|  |TAMS 0x0000000702200000| PB 0x0000000702200000| Untracked |  0
|  14|0x0000000702400000, 0x0000000702400000, 0x0000000702600000|  0%| F|  |TAMS 0x0000000702400000| PB 0x0000000702400000| Untracked |  0
|  15|0x0000000702600000, 0x0000000702600000, 0x0000000702800000|  0%| F|  |TAMS 0x0000000702600000| PB 0x0000000702600000| Untracked |  0
|  16|0x0000000702800000, 0x0000000702800000, 0x0000000702a00000|  0%| F|  |TAMS 0x0000000702800000| PB 0x0000000702800000| Untracked |  0
|  17|0x0000000702a00000, 0x0000000702ab4260, 0x0000000702c00000| 35%| S|CS|TAMS 0x0000000702a00000| PB 0x0000000702a00000| Complete |  0
|  18|0x0000000702c00000, 0x0000000702c00000, 0x0000000702e00000|  0%| F|  |TAMS 0x0000000702c00000| PB 0x0000000702c00000| Untracked |  0
|  19|0x0000000702e00000, 0x0000000702e00000, 0x0000000703000000|  0%| F|  |TAMS 0x0000000702e00000| PB 0x0000000702e00000| Untracked |  0
|  20|0x0000000703000000, 0x0000000703000000, 0x0000000703200000|  0%| F|  |TAMS 0x0000000703000000| PB 0x0000000703000000| Untracked |  0
|  21|0x0000000703200000, 0x0000000703200000, 0x0000000703400000|  0%| F|  |TAMS 0x0000000703200000| PB 0x0000000703200000| Untracked |  0
|  22|0x0000000703400000, 0x0000000703400000, 0x0000000703600000|  0%| F|  |TAMS 0x0000000703400000| PB 0x0000000703400000| Untracked |  0
|  23|0x0000000703600000, 0x0000000703600000, 0x0000000703800000|  0%| F|  |TAMS 0x0000000703600000| PB 0x0000000703600000| Untracked |  0
|  24|0x0000000703800000, 0x0000000703800000, 0x0000000703a00000|  0%| F|  |TAMS 0x0000000703800000| PB 0x0000000703800000| Untracked |  0
|  25|0x0000000703a00000, 0x0000000703a00000, 0x0000000703c00000|  0%| F|  |TAMS 0x0000000703a00000| PB 0x0000000703a00000| Untracked |  0
|  26|0x0000000703c00000, 0x0000000703c00000, 0x0000000703e00000|  0%| F|  |TAMS 0x0000000703c00000| PB 0x0000000703c00000| Untracked |  0
|  27|0x0000000703e00000, 0x0000000703e00000, 0x0000000704000000|  0%| F|  |TAMS 0x0000000703e00000| PB 0x0000000703e00000| Untracked |  0
|  28|0x0000000704000000, 0x000000070415e408, 0x0000000704200000| 68%| E|  |TAMS 0x0000000704000000| PB 0x0000000704000000| Complete |  0
|  29|0x0000000704200000, 0x0000000704400000, 0x0000000704400000|100%| E|CS|TAMS 0x0000000704200000| PB 0x0000000704200000| Complete |  0

Card table byte_map: [0x000001f621a70000,0x000001f622270000] _byte_map_base: 0x000001f61e26c000

Marking Bits: (CMBitMap*) 0x000001f615f8b280
 Bits: [0x000001f622270000, 0x000001f626250000)

Polling page: 0x000001f613e70000

Metaspace:

Usage:
  Non-class:     40.02 MB used.
      Class:      6.37 MB used.
       Both:     46.39 MB used.

Virtual space:
  Non-class space:       64.00 MB reserved,      40.50 MB ( 63%) committed,  1 nodes.
      Class space:        1.00 GB reserved,       6.69 MB ( <1%) committed,  1 nodes.
             Both:        1.06 GB reserved,      47.19 MB (  4%) committed. 

Chunk freelists:
   Non-Class:  7.11 MB
       Class:  9.21 MB
        Both:  16.32 MB

MaxMetaspaceSize: unlimited
CompressedClassSpaceSize: 1.00 GB
Initial GC threshold: 21.00 MB
Current GC threshold: 78.69 MB
CDS: on
 - commit_granule_bytes: 65536.
 - commit_granule_words: 8192.
 - virtual_space_node_default_size: 8388608.
 - enlarge_chunks_in_place: 1.
 - use_allocation_guard: 0.


Internal statistics:

num_allocs_failed_limit: 6.
num_arena_births: 1938.
num_arena_deaths: 1072.
num_vsnodes_births: 2.
num_vsnodes_deaths: 0.
num_space_committed: 757.
num_space_uncommitted: 2.
num_chunks_returned_to_freelist: 1469.
num_chunks_taken_from_freelist: 4024.
num_chunk_merges: 203.
num_chunk_splits: 2182.
num_chunks_enlarged: 1500.
num_inconsistent_stats: 0.

CodeCache: size=49152Kb used=16085Kb max_used=16884Kb free=33066Kb
 bounds [0x000001f61e270000, 0x000001f61f360000, 0x000001f621270000]
 total_blobs=8517 nmethods=7855 adapters=585
 compilation: enabled
              stopped_count=0, restarted_count=0
 full_count=0

Compilation events (20 events):
Event: 1502.547 Thread 0x000001f628525fe0 10685   !   1       java.io.ObjectOutputStream::writeObject0 (620 bytes)
Event: 1502.549 Thread 0x000001f628525fe0 nmethod 10685 0x000001f61ef60f90 code [0x000001f61ef61440, 0x000001f61ef630d8]
Event: 1502.549 Thread 0x000001f628525fe0 10687       1       java.io.ObjectOutputStream$ReplaceTable::lookup (24 bytes)
Event: 1502.549 Thread 0x000001f628525fe0 nmethod 10687 0x000001f61ef60b10 code [0x000001f61ef60cc0, 0x000001f61ef60e38]
Event: 1502.549 Thread 0x000001f628525fe0 10689       1       java.lang.invoke.VarHandleByteArrayAsLongs$ArrayHandle::set (39 bytes)
Event: 1502.549 Thread 0x000001f628525fe0 nmethod 10689 0x000001f61ef60590 code [0x000001f61ef60740, 0x000001f61ef60940]
Event: 1502.807 Thread 0x000001f628525fe0 10690       1       java.io.ObjectInputStream$PeekInputStream::readFully (48 bytes)
Event: 1502.808 Thread 0x000001f628525fe0 nmethod 10690 0x000001f61ef60090 code [0x000001f61ef60240, 0x000001f61ef60438]
Event: 1502.808 Thread 0x000001f628525fe0 10691       1       java.io.ObjectOutputStream$BlockDataOutputStream::drain (45 bytes)
Event: 1502.808 Thread 0x000001f628525fe0 nmethod 10691 0x000001f61ef5fc90 code [0x000001f61ef5fe40, 0x000001f61ef5ffc8]
Event: 1534.946 Thread 0x000001f628525fe0 10692   !   1       org.apache.catalina.core.StandardContext::bind (168 bytes)
Event: 1534.949 Thread 0x000001f628525fe0 nmethod 10692 0x000001f61ef5ea10 code [0x000001f61ef5eca0, 0x000001f61ef5f5c0]
Event: 1534.949 Thread 0x000001f628525fe0 10693       1       org.apache.catalina.core.StandardContext$1::bind (1 bytes)
Event: 1534.949 Thread 0x000001f628525fe0 nmethod 10693 0x000001f61ef5e710 code [0x000001f61ef5e8a0, 0x000001f61ef5e968]
Event: 1544.953 Thread 0x000001f628525fe0 10694   !   1       org.apache.catalina.core.StandardContext::unbind (92 bytes)
Event: 1544.956 Thread 0x000001f628525fe0 nmethod 10694 0x000001f61ef5d990 code [0x000001f61ef5dbe0, 0x000001f61ef5e2b8]
Event: 1544.956 Thread 0x000001f628525fe0 10695       1       org.apache.catalina.core.StandardContext$1::unbind (1 bytes)
Event: 1544.956 Thread 0x000001f628525fe0 nmethod 10695 0x000001f61ef5d690 code [0x000001f61ef5d820, 0x000001f61ef5d8e8]
Event: 1562.779 Thread 0x000001f628525fe0 10696       1       java.lang.System$2::getContinuation (5 bytes)
Event: 1562.779 Thread 0x000001f628525fe0 nmethod 10696 0x000001f61ef5d390 code [0x000001f61ef5d520, 0x000001f61ef5d5f0]

GC Heap History (20 events):
Event: 945.536 GC heap before
{Heap before GC invocations=39 (full 8):
 garbage-first heap   total reserved 4186112K, committed 61440K, used 47163K [0x0000000700800000, 0x0000000800000000)
  region size 2048K, 15 young (30720K), 2 survivors (4096K)
 Metaspace       used 45902K, committed 46464K, reserved 1114112K
  class space    used 6324K, committed 6592K, reserved 1048576K
}
Event: 945.538 GC heap after
{Heap after GC invocations=40 (full 8):
 garbage-first heap   total reserved 4186112K, committed 61440K, used 23458K [0x0000000700800000, 0x0000000800000000)
  region size 2048K, 1 young (2048K), 1 survivors (2048K)
 Metaspace       used 45902K, committed 46464K, reserved 1114112K
  class space    used 6324K, committed 6592K, reserved 1048576K
}
Event: 952.278 GC heap before
{Heap before GC invocations=40 (full 8):
 garbage-first heap   total reserved 4186112K, committed 61440K, used 45986K [0x0000000700800000, 0x0000000800000000)
  region size 2048K, 13 young (26624K), 1 survivors (2048K)
 Metaspace       used 45917K, committed 46528K, reserved 1114112K
  class space    used 6328K, committed 6592K, reserved 1048576K
}
Event: 952.315 GC heap after
{Heap after GC invocations=41 (full 9):
 garbage-first heap   total reserved 4186112K, committed 61440K, used 19645K [0x0000000700800000, 0x0000000800000000)
  region size 2048K, 0 young (0K), 0 survivors (0K)
 Metaspace       used 45914K, committed 46528K, reserved 1114112K
  class space    used 6328K, committed 6592K, reserved 1048576K
}
Event: 952.784 GC heap before
{Heap before GC invocations=41 (full 9):
 garbage-first heap   total reserved 4186112K, committed 61440K, used 54461K [0x0000000700800000, 0x0000000800000000)
  region size 2048K, 17 young (34816K), 0 survivors (0K)
 Metaspace       used 45979K, committed 46528K, reserved 1114112K
  class space    used 6339K, committed 6592K, reserved 1048576K
}
Event: 952.786 GC heap after
{Heap after GC invocations=42 (full 9):
 garbage-first heap   total reserved 4186112K, committed 61440K, used 22581K [0x0000000700800000, 0x0000000800000000)
  region size 2048K, 2 young (4096K), 2 survivors (4096K)
 Metaspace       used 45979K, committed 46528K, reserved 1114112K
  class space    used 6339K, committed 6592K, reserved 1048576K
}
Event: 952.970 GC heap before
{Heap before GC invocations=42 (full 9):
 garbage-first heap   total reserved 4186112K, committed 61440K, used 49205K [0x0000000700800000, 0x0000000800000000)
  region size 2048K, 16 young (32768K), 2 survivors (4096K)
 Metaspace       used 46018K, committed 46592K, reserved 1114112K
  class space    used 6346K, committed 6592K, reserved 1048576K
}
Event: 952.972 GC heap after
{Heap after GC invocations=43 (full 9):
 garbage-first heap   total reserved 4186112K, committed 61440K, used 23775K [0x0000000700800000, 0x0000000800000000)
  region size 2048K, 1 young (2048K), 1 survivors (2048K)
 Metaspace       used 46018K, committed 46592K, reserved 1114112K
  class space    used 6346K, committed 6592K, reserved 1048576K
}
Event: 996.199 GC heap before
{Heap before GC invocations=43 (full 9):
 garbage-first heap   total reserved 4186112K, committed 61440K, used 52447K [0x0000000700800000, 0x0000000800000000)
  region size 2048K, 15 young (30720K), 1 survivors (2048K)
 Metaspace       used 47842K, committed 48448K, reserved 1114112K
  class space    used 6564K, committed 6848K, reserved 1048576K
}
Event: 996.202 GC heap after
{Heap after GC invocations=44 (full 9):
 garbage-first heap   total reserved 4186112K, committed 61440K, used 25459K [0x0000000700800000, 0x0000000800000000)
  region size 2048K, 2 young (4096K), 2 survivors (4096K)
 Metaspace       used 47842K, committed 48448K, reserved 1114112K
  class space    used 6564K, committed 6848K, reserved 1048576K
}
Event: 1082.565 GC heap before
{Heap before GC invocations=44 (full 9):
 garbage-first heap   total reserved 4186112K, committed 61440K, used 31603K [0x0000000700800000, 0x0000000800000000)
  region size 2048K, 6 young (12288K), 2 survivors (4096K)
 Metaspace       used 47847K, committed 48448K, reserved 1114112K
  class space    used 6565K, committed 6848K, reserved 1048576K
}
Event: 1082.605 GC heap after
{Heap after GC invocations=45 (full 10):
 garbage-first heap   total reserved 4186112K, committed 61440K, used 17180K [0x0000000700800000, 0x0000000800000000)
  region size 2048K, 0 young (0K), 0 survivors (0K)
 Metaspace       used 47119K, committed 48320K, reserved 1114112K
  class space    used 6440K, committed 6848K, reserved 1048576K
}
Event: 1084.417 GC heap before
{Heap before GC invocations=45 (full 10):
 garbage-first heap   total reserved 4186112K, committed 61440K, used 54044K [0x0000000700800000, 0x0000000800000000)
  region size 2048K, 18 young (36864K), 0 survivors (0K)
 Metaspace       used 47282K, committed 48320K, reserved 1114112K
  class space    used 6476K, committed 6848K, reserved 1048576K
}
Event: 1084.420 GC heap after
{Heap after GC invocations=46 (full 10):
 garbage-first heap   total reserved 4186112K, committed 61440K, used 21221K [0x0000000700800000, 0x0000000800000000)
  region size 2048K, 2 young (4096K), 2 survivors (4096K)
 Metaspace       used 47282K, committed 48320K, reserved 1114112K
  class space    used 6476K, committed 6848K, reserved 1048576K
}
Event: 1084.674 GC heap before
{Heap before GC invocations=46 (full 10):
 garbage-first heap   total reserved 4186112K, committed 61440K, used 51941K [0x0000000700800000, 0x0000000800000000)
  region size 2048K, 17 young (34816K), 2 survivors (4096K)
 Metaspace       used 47382K, committed 48320K, reserved 1114112K
  class space    used 6497K, committed 6848K, reserved 1048576K
}
Event: 1084.678 GC heap after
{Heap after GC invocations=47 (full 10):
 garbage-first heap   total reserved 4186112K, committed 61440K, used 23128K [0x0000000700800000, 0x0000000800000000)
  region size 2048K, 2 young (4096K), 2 survivors (4096K)
 Metaspace       used 47382K, committed 48320K, reserved 1114112K
  class space    used 6497K, committed 6848K, reserved 1048576K
}
Event: 1140.770 GC heap before
{Heap before GC invocations=47 (full 10):
 garbage-first heap   total reserved 4186112K, committed 61440K, used 49752K [0x0000000700800000, 0x0000000800000000)
  region size 2048K, 15 young (30720K), 2 survivors (4096K)
 Metaspace       used 47430K, committed 48320K, reserved 1114112K
  class space    used 6510K, committed 6848K, reserved 1048576K
}
Event: 1140.779 GC heap after
{Heap after GC invocations=48 (full 10):
 garbage-first heap   total reserved 4186112K, committed 61440K, used 25508K [0x0000000700800000, 0x0000000800000000)
  region size 2048K, 2 young (4096K), 2 survivors (4096K)
 Metaspace       used 47430K, committed 48320K, reserved 1114112K
  class space    used 6510K, committed 6848K, reserved 1048576K
}
Event: 1533.383 GC heap before
{Heap before GC invocations=48 (full 10):
 garbage-first heap   total reserved 4186112K, committed 61440K, used 48036K [0x0000000700800000, 0x0000000800000000)
  region size 2048K, 14 young (28672K), 2 survivors (4096K)
 Metaspace       used 47457K, committed 48320K, reserved 1114112K
  class space    used 6516K, committed 6848K, reserved 1048576K
}
Event: 1533.386 GC heap after
{Heap after GC invocations=49 (full 10):
 garbage-first heap   total reserved 4186112K, committed 61440K, used 26457K [0x0000000700800000, 0x0000000800000000)
  region size 2048K, 1 young (2048K), 1 survivors (2048K)
 Metaspace       used 47457K, committed 48320K, reserved 1114112K
  class space    used 6516K, committed 6848K, reserved 1048576K
}

Dll operation events (11 events):
Event: 0.231 Loaded shared library D:\jdk-22.0.2\bin\java.dll
Event: 1.062 Loaded shared library D:\jdk-22.0.2\bin\zip.dll
Event: 1.086 Loaded shared library D:\jdk-22.0.2\bin\instrument.dll
Event: 1.137 Loaded shared library D:\jdk-22.0.2\bin\net.dll
Event: 1.184 Loaded shared library D:\jdk-22.0.2\bin\nio.dll
Event: 1.187 Loaded shared library D:\jdk-22.0.2\bin\zip.dll
Event: 1.503 Loaded shared library D:\jdk-22.0.2\bin\jimage.dll
Event: 1.676 Loaded shared library D:\jdk-22.0.2\bin\management.dll
Event: 1.744 Loaded shared library D:\jdk-22.0.2\bin\management_ext.dll
Event: 2.281 Loaded shared library D:\jdk-22.0.2\bin\extnet.dll
Event: 4.241 Loaded shared library D:\jdk-22.0.2\bin\sunmscapi.dll

Deoptimization events (20 events):
Event: 1320.541 Thread 0x000001f66f97bfc0 DEOPT PACKING pc=0x000001f61f02dca4 sp=0x000000ba233fe100
Event: 1320.541 Thread 0x000001f66f97bfc0 DEOPT UNPACKING pc=0x000001f61e2c4e42 sp=0x000000ba233fd6c8 mode 0
Event: 1320.541 Thread 0x000001f66f97bfc0 DEOPT PACKING pc=0x000001f61f030a84 sp=0x000000ba233fe2b0
Event: 1320.541 Thread 0x000001f66f97bfc0 DEOPT UNPACKING pc=0x000001f61e2c4e42 sp=0x000000ba233fd758 mode 0
Event: 1320.541 Thread 0x000001f66f97bfc0 DEOPT PACKING pc=0x000001f61f140244 sp=0x000000ba233fe3b0
Event: 1320.541 Thread 0x000001f66f97bfc0 DEOPT UNPACKING pc=0x000001f61e2c4e42 sp=0x000000ba233fd990 mode 0
Event: 1320.541 Thread 0x000001f66f97bfc0 DEOPT PACKING pc=0x000001f61f02dca4 sp=0x000000ba233fe570
Event: 1320.541 Thread 0x000001f66f97bfc0 DEOPT UNPACKING pc=0x000001f61e2c4e42 sp=0x000000ba233fdb38 mode 0
Event: 1320.541 Thread 0x000001f66f97bfc0 DEOPT PACKING pc=0x000001f61f030a84 sp=0x000000ba233fe720
Event: 1320.541 Thread 0x000001f66f97bfc0 DEOPT UNPACKING pc=0x000001f61e2c4e42 sp=0x000000ba233fdbc8 mode 0
Event: 1320.541 Thread 0x000001f66f97bfc0 DEOPT PACKING pc=0x000001f61f140244 sp=0x000000ba233fe820
Event: 1320.541 Thread 0x000001f66f97bfc0 DEOPT UNPACKING pc=0x000001f61e2c4e42 sp=0x000000ba233fde00 mode 0
Event: 1320.541 Thread 0x000001f66f97bfc0 DEOPT PACKING pc=0x000001f61f02dca4 sp=0x000000ba233fe9e0
Event: 1320.541 Thread 0x000001f66f97bfc0 DEOPT UNPACKING pc=0x000001f61e2c4e42 sp=0x000000ba233fdfa8 mode 0
Event: 1320.541 Thread 0x000001f66f97bfc0 DEOPT PACKING pc=0x000001f61f030a84 sp=0x000000ba233feb90
Event: 1320.541 Thread 0x000001f66f97bfc0 DEOPT UNPACKING pc=0x000001f61e2c4e42 sp=0x000000ba233fe038 mode 0
Event: 1335.989 Thread 0x000001f66f977790 DEOPT PACKING pc=0x000001f61ef78cfc sp=0x000000ba235feaf0
Event: 1335.989 Thread 0x000001f66f977790 DEOPT UNPACKING pc=0x000001f61e2c4e42 sp=0x000000ba235fe148 mode 1
Event: 1621.629 Thread 0x000001f66e817080 DEOPT PACKING pc=0x000001f61ef953c4 sp=0x000000ba22cf9bd0
Event: 1621.629 Thread 0x000001f66e817080 DEOPT UNPACKING pc=0x000001f61e2c4e42 sp=0x000000ba22cf9078 mode 0

Classes loaded (20 events):
Event: 974.682 Loading class com/sun/org/apache/xerces/internal/xs/datatypes/ObjectList done
Event: 974.682 Loading class com/sun/org/apache/xerces/internal/impl/dv/xs/ListDV$ListData done
Event: 974.682 Loading class com/sun/org/apache/xerces/internal/impl/xs/util/ShortListImpl
Event: 974.683 Loading class com/sun/org/apache/xerces/internal/xs/ShortList
Event: 974.683 Loading class com/sun/org/apache/xerces/internal/xs/ShortList done
Event: 974.683 Loading class com/sun/org/apache/xerces/internal/impl/xs/util/ShortListImpl done
Event: 974.692 Loading class com/sun/org/apache/xerces/internal/dom/DeferredElementNSImpl
Event: 974.692 Loading class com/sun/org/apache/xerces/internal/dom/ElementNSImpl
Event: 974.699 Loading class com/sun/org/apache/xerces/internal/dom/ElementNSImpl done
Event: 974.699 Loading class com/sun/org/apache/xerces/internal/dom/DeferredElementNSImpl done
Event: 974.699 Loading class com/sun/org/apache/xerces/internal/dom/DeferredCommentImpl
Event: 974.700 Loading class com/sun/org/apache/xerces/internal/dom/CommentImpl
Event: 974.700 Loading class com/sun/org/apache/xerces/internal/dom/CommentImpl done
Event: 974.700 Loading class com/sun/org/apache/xerces/internal/dom/DeferredCommentImpl done
Event: 974.703 Loading class com/sun/org/apache/xerces/internal/dom/DeferredAttrNSImpl
Event: 974.703 Loading class com/sun/org/apache/xerces/internal/dom/AttrNSImpl
Event: 974.703 Loading class com/sun/org/apache/xerces/internal/dom/AttrNSImpl done
Event: 974.703 Loading class com/sun/org/apache/xerces/internal/dom/DeferredAttrNSImpl done
Event: 1084.589 Loading class java/time/DurationEditor
Event: 1084.589 Loading class java/time/DurationEditor done

Classes unloaded (20 events):
Event: 1082.579 Thread 0x000001f6284fd1a0 Unloading class 0x000001f62a1ba000 'jdk/proxy7/$Proxy91'
Event: 1082.579 Thread 0x000001f6284fd1a0 Unloading class 0x000001f62a468c70 'com/restdemo/domain/RefreshTokenRequestDTO'
Event: 1082.579 Thread 0x000001f6284fd1a0 Unloading class 0x000001f62a468a28 'com/restdemo/domain/RefreshToken'
Event: 1082.579 Thread 0x000001f6284fd1a0 Unloading class 0x000001f62a468800 'com/restdemo/domain/JwtResponseDTO'
Event: 1082.579 Thread 0x000001f6284fd1a0 Unloading class 0x000001f62a4685d8 'com/restdemo/domain/AuthRequestDTO'
Event: 1082.579 Thread 0x000001f6284fd1a0 Unloading class 0x000001f62a468280 'com/restdemo/domain/User'
Event: 1082.579 Thread 0x000001f6284fd1a0 Unloading class 0x000001f62a468000 'com/restdemo/config/SecurityConfig$$SpringCGLIB$$FastClass$$1'
Event: 1082.579 Thread 0x000001f6284fd1a0 Unloading class 0x000001f62a51cd18 'com/restdemo/config/SecurityConfig$$SpringCGLIB$$FastClass$$0'
Event: 1082.579 Thread 0x000001f6284fd1a0 Unloading class 0x000001f62a51cac0 'com/restdemo/config/SecurityConfig$$SpringCGLIB$$0'
Event: 1082.579 Thread 0x000001f6284fd1a0 Unloading class 0x000001f62a51c890 'com/restdemo/RestdemoApplication$$SpringCGLIB$$0'
Event: 1082.579 Thread 0x000001f6284fd1a0 Unloading class 0x000001f62a51c698 'com/restdemo/mapper/UserMapper'
Event: 1082.579 Thread 0x000001f6284fd1a0 Unloading class 0x000001f62a51c4a0 'com/restdemo/mapper/RefreshTokenMapper'
Event: 1082.579 Thread 0x000001f6284fd1a0 Unloading class 0x000001f62a51c1f8 'com/restdemo/service/UserServiceImpl'
Event: 1082.579 Thread 0x000001f6284fd1a0 Unloading class 0x000001f62a51c000 'com/restdemo/service/UserService'
Event: 1082.579 Thread 0x000001f6284fd1a0 Unloading class 0x000001f62a0d9c88 'com/restdemo/service/RefreshTokenService'
Event: 1082.579 Thread 0x000001f6284fd1a0 Unloading class 0x000001f62a0d9a60 'com/restdemo/service/JwtService'
Event: 1082.579 Thread 0x000001f6284fd1a0 Unloading class 0x000001f62a0d9800 'com/restdemo/controller/UserController'
Event: 1082.579 Thread 0x000001f6284fd1a0 Unloading class 0x000001f62a0c8568 'com/restdemo/config/SecurityConfig'
Event: 1082.579 Thread 0x000001f6284fd1a0 Unloading class 0x000001f62a0c8200 'com/restdemo/config/JwtAuthFilter'
Event: 1082.579 Thread 0x000001f6284fd1a0 Unloading class 0x000001f62a0c8000 'com/restdemo/RestdemoApplication'

Classes redefined (6 events):
Event: 861.151 Thread 0x000001f6284fd1a0 redefined class name=com.restdemo.controller.UserController, count=1
Event: 861.151 Thread 0x000001f6284fd1a0 redefined class name=com.restdemo.controller.UserController, count=1
Event: 861.151 Thread 0x000001f6284fd1a0 redefined class name=com.restdemo.controller.UserController, count=1
Event: 1621.650 Thread 0x000001f6284fd1a0 redefined class name=com.restdemo.controller.UserController, count=2
Event: 1621.650 Thread 0x000001f6284fd1a0 redefined class name=com.restdemo.controller.UserController, count=1
Event: 1621.650 Thread 0x000001f6284fd1a0 redefined class name=com.restdemo.controller.UserController, count=1

Internal exceptions (20 events):
Event: 952.698 Thread 0x000001f66e815640 Exception <a 'java/lang/NoClassDefFoundError'{0x0000000702b1f1b8}: jakarta/persistence/EntityManagerFactory> (0x0000000702b1f1b8) 
thrown [s\open\src\hotspot\share\oops\constantPool.cpp, line 872]
Event: 952.771 Thread 0x000001f66e815640 Exception <a 'java/io/FileNotFoundException'{0x000000070233deb8}> (0x000000070233deb8) 
thrown [s\open\src\hotspot\share\prims\jni.cpp, line 520]
Event: 952.849 Thread 0x000001f66e815640 Exception <a 'java/io/FileNotFoundException'{0x0000000703511568}> (0x0000000703511568) 
thrown [s\open\src\hotspot\share\prims\jni.cpp, line 520]
Event: 967.862 Thread 0x000001f66e816360 Exception <a 'java/lang/NoSuchMethodError'{0x00000007030c3988}: 'void java.lang.invoke.DelegatingMethodHandle$Holder.reinvoke_L(java.lang.Object, java.lang.Object, int)'> (0x00000007030c3988) 
thrown [s\open\src\hotspot\share\interpreter\linkResolver.cpp, line 774]
Event: 974.637 Thread 0x000001f66f976a70 Exception <a 'java/lang/ClassNotFoundException'{0x0000000702ac2fa8}: com/sun/org/apache/xerces/internal/impl/xpath/regex/spi/messageProvider> (0x0000000702ac2fa8) 
thrown [s\open\src\hotspot\share\classfile\systemDictionary.cpp, line 313]
Event: 974.718 Thread 0x000001f66f976a70 Exception <a 'java/lang/NoSuchMethodError'{0x00000007028d2a88}: 'int java.lang.invoke.Invokers$Holder.invokeExact_MT(java.lang.Object, java.lang.Object)'> (0x00000007028d2a88) 
thrown [s\open\src\hotspot\share\interpreter\linkResolver.cpp, line 774]
Event: 1082.564 Thread 0x000001f66f97ac10 Exception <a 'java/lang/InterruptedException'{0x0000000703da25f0}: sleep interrupted> (0x0000000703da25f0) 
thrown [s\open\src\hotspot\share\prims\jvm.cpp, line 3093]
Event: 1082.732 Thread 0x000001f66e816360 Exception <a 'sun/nio/fs/WindowsException'{0x00000007042cf798}> (0x00000007042cf798) 
thrown [s\open\src\hotspot\share\prims\jni.cpp, line 520]
Event: 1082.780 Thread 0x000001f66e816360 Exception <a 'java/lang/NoSuchMethodError'{0x0000000704141d58}: 'void java.lang.invoke.DelegatingMethodHandle$Holder.reinvoke_L(java.lang.Object, java.lang.Object, int)'> (0x0000000704141d58) 
thrown [s\open\src\hotspot\share\interpreter\linkResolver.cpp, line 774]
Event: 1083.452 Thread 0x000001f66e816360 Exception <a 'java/lang/NoClassDefFoundError'{0x000000070285a6a8}: org/flywaydb/core/Flyway> (0x000000070285a6a8) 
thrown [s\open\src\hotspot\share\oops\constantPool.cpp, line 872]
Event: 1084.325 Thread 0x000001f66e816360 Exception <a 'java/lang/NoClassDefFoundError'{0x000000070285ad08}: liquibase/integration/spring/SpringLiquibase> (0x000000070285ad08) 
thrown [s\open\src\hotspot\share\oops\constantPool.cpp, line 872]
Event: 1084.330 Thread 0x000001f66e816360 Exception <a 'java/lang/NoClassDefFoundError'{0x0000000702877028}: org/springframework/batch/core/repository/JobRepository> (0x0000000702877028) 
thrown [s\open\src\hotspot\share\oops\constantPool.cpp, line 872]
Event: 1084.331 Thread 0x000001f66e816360 Exception <a 'java/lang/NoClassDefFoundError'{0x0000000702877680}: org/quartz/Scheduler> (0x0000000702877680) 
thrown [s\open\src\hotspot\share\oops\constantPool.cpp, line 872]
Event: 1084.331 Thread 0x000001f66e816360 Exception <a 'java/lang/NoClassDefFoundError'{0x0000000702877d00}: org/springframework/session/jdbc/JdbcIndexedSessionRepository> (0x0000000702877d00) 
thrown [s\open\src\hotspot\share\oops\constantPool.cpp, line 872]
Event: 1084.334 Thread 0x000001f66e816360 Exception <a 'java/lang/NoClassDefFoundError'{0x00000007028ce6e8}: org/jooq/DSLContext> (0x00000007028ce6e8) 
thrown [s\open\src\hotspot\share\oops\constantPool.cpp, line 872]
Event: 1084.335 Thread 0x000001f66e816360 Exception <a 'java/lang/NoClassDefFoundError'{0x00000007028cffb8}: jakarta/persistence/EntityManagerFactory> (0x00000007028cffb8) 
thrown [s\open\src\hotspot\share\oops\constantPool.cpp, line 872]
Event: 1084.417 Thread 0x000001f66e816360 Exception <a 'java/lang/NoSuchMethodError'{0x00000007021f5f70}: 'int java.lang.invoke.DelegatingMethodHandle$Holder.reinvoke_L(java.lang.Object, java.lang.Object, java.lang.Object, java.lang.Object)'> (0x00000007021f5f70) 
thrown [s\open\src\hotspot\share\interpreter\linkResolver.cpp, line 774]
Event: 1084.441 Thread 0x000001f66e816360 Exception <a 'java/io/FileNotFoundException'{0x0000000704253758}> (0x0000000704253758) 
thrown [s\open\src\hotspot\share\prims\jni.cpp, line 520]
Event: 1084.548 Thread 0x000001f66e816360 Exception <a 'java/io/FileNotFoundException'{0x000000070324f778}> (0x000000070324f778) 
thrown [s\open\src\hotspot\share\prims\jni.cpp, line 520]
Event: 1202.561 Thread 0x000001f66e38a570 Exception <a 'java/lang/NoSuchMethodError'{0x0000000703e41020}: static [B.<clinit>()V> (0x0000000703e41020) 
thrown [s\open\src\hotspot\share\prims\jni.cpp, line 1111]

ZGC Phase Switch (0 events):
No events

VM Operations (20 events):
Event: 1557.517 Executing VM operation: get/set locals
Event: 1557.517 Executing VM operation: get/set locals done
Event: 1557.518 Executing VM operation: get/set locals
Event: 1557.518 Executing VM operation: get/set locals done
Event: 1557.518 Executing VM operation: get/set locals
Event: 1557.518 Executing VM operation: get/set locals done
Event: 1621.604 Executing VM operation: ChangeSingleStep
Event: 1621.604 Executing VM operation: ChangeSingleStep done
Event: 1621.629 Executing VM operation: ChangeSingleStep
Event: 1621.629 Executing VM operation: ChangeSingleStep done
Event: 1621.642 Executing VM operation: RedefineClasses
Event: 1621.665 Executing VM operation: RedefineClasses done
Event: 1621.683 Executing VM operation: ChangeBreakpoints
Event: 1621.685 Executing VM operation: ChangeBreakpoints done
Event: 1621.689 Executing VM operation: ChangeBreakpoints
Event: 1621.691 Executing VM operation: ChangeBreakpoints done
Event: 1621.696 Executing VM operation: ChangeBreakpoints
Event: 1621.698 Executing VM operation: ChangeBreakpoints done
Event: 1621.702 Executing VM operation: ChangeSingleStep
Event: 1621.702 Executing VM operation: ChangeSingleStep done

Memory protections (0 events):
No events

Nmethod flushes (20 events):
Event: 1082.587 Thread 0x000001f6284fd1a0 flushing  nmethod 0x000001f61ea91610
Event: 1082.587 Thread 0x000001f6284fd1a0 flushing  nmethod 0x000001f61ea92310
Event: 1082.587 Thread 0x000001f6284fd1a0 flushing  nmethod 0x000001f61eaad410
Event: 1082.587 Thread 0x000001f6284fd1a0 flushing  nmethod 0x000001f61ead5710
Event: 1082.587 Thread 0x000001f6284fd1a0 flushing  nmethod 0x000001f61eae6490
Event: 1082.587 Thread 0x000001f6284fd1a0 flushing  nmethod 0x000001f61eb10b10
Event: 1082.587 Thread 0x000001f6284fd1a0 flushing  nmethod 0x000001f61eb28690
Event: 1082.587 Thread 0x000001f6284fd1a0 flushing  nmethod 0x000001f61eb2b310
Event: 1082.587 Thread 0x000001f6284fd1a0 flushing  nmethod 0x000001f61eb41f90
Event: 1082.587 Thread 0x000001f6284fd1a0 flushing  nmethod 0x000001f61eb99e90
Event: 1082.587 Thread 0x000001f6284fd1a0 flushing  nmethod 0x000001f61ebd4810
Event: 1082.587 Thread 0x000001f6284fd1a0 flushing  nmethod 0x000001f61ec9ee90
Event: 1082.587 Thread 0x000001f6284fd1a0 flushing  nmethod 0x000001f61ecd8210
Event: 1082.587 Thread 0x000001f6284fd1a0 flushing  nmethod 0x000001f61ecfab10
Event: 1082.587 Thread 0x000001f6284fd1a0 flushing  nmethod 0x000001f61ed62390
Event: 1082.587 Thread 0x000001f6284fd1a0 flushing  nmethod 0x000001f61ed67190
Event: 1082.587 Thread 0x000001f6284fd1a0 flushing  nmethod 0x000001f61edbd110
Event: 1082.587 Thread 0x000001f6284fd1a0 flushing  nmethod 0x000001f61ee4ad10
Event: 1082.587 Thread 0x000001f6284fd1a0 flushing  nmethod 0x000001f61ee62c90
Event: 1082.587 Thread 0x000001f6284fd1a0 flushing  nmethod 0x000001f61ef40690

Events (20 events):
Event: 1517.822 Thread 0x000001f66e814920 Thread exited: 0x000001f66e814920
Event: 1525.336 Thread 0x000001f66e8169f0 Thread exited: 0x000001f66e8169f0
Event: 1532.780 Thread 0x000001f66e814290 Thread added: 0x000001f66e816360
Event: 1532.781 Thread 0x000001f66e816360 Thread added: 0x000001f66e814920
Event: 1532.782 Thread 0x000001f66e816360 Thread added: 0x000001f66e8169f0
Event: 1540.289 Thread 0x000001f66e8169f0 Thread exited: 0x000001f66e8169f0
Event: 1547.794 Thread 0x000001f66e816360 Thread exited: 0x000001f66e816360
Event: 1555.306 Thread 0x000001f66e814920 Thread exited: 0x000001f66e814920
Event: 1562.778 Thread 0x000001f66e814290 Thread added: 0x000001f66e814920
Event: 1562.778 Thread 0x000001f66e814920 Thread added: 0x000001f66e816360
Event: 1562.779 Thread 0x000001f66e814920 Thread added: 0x000001f66e8169f0
Event: 1570.290 Thread 0x000001f66e816360 Thread exited: 0x000001f66e816360
Event: 1577.803 Thread 0x000001f66e8169f0 Thread exited: 0x000001f66e8169f0
Event: 1585.316 Thread 0x000001f66e814920 Thread exited: 0x000001f66e814920
Event: 1592.787 Thread 0x000001f66e814290 Thread added: 0x000001f66e814920
Event: 1592.788 Thread 0x000001f66e814920 Thread added: 0x000001f66e814fb0
Event: 1592.791 Thread 0x000001f66e814920 Thread added: 0x000001f66e816360
Event: 1600.294 Thread 0x000001f66e816360 Thread exited: 0x000001f66e816360
Event: 1607.794 Thread 0x000001f66e814920 Thread exited: 0x000001f66e814920
Event: 1615.305 Thread 0x000001f66e814fb0 Thread exited: 0x000001f66e814fb0


Dynamic libraries:
0x00007ff6aaaf0000 - 0x00007ff6aab00000 	D:\jdk-22.0.2\bin\javaw.exe
0x00007ffbca3b0000 - 0x00007ffbca5a8000 	C:\WINDOWS\SYSTEM32\ntdll.dll
0x00007ffbc9650000 - 0x00007ffbc9712000 	C:\WINDOWS\System32\KERNEL32.DLL
0x00007ffbc7c60000 - 0x00007ffbc7f5e000 	C:\WINDOWS\System32\KERNELBASE.dll
0x00007ffbc7a50000 - 0x00007ffbc7b50000 	C:\WINDOWS\System32\ucrtbase.dll
0x00007ffbc48f0000 - 0x00007ffbc4907000 	D:\jdk-22.0.2\bin\jli.dll
0x00007ffbc9b60000 - 0x00007ffbc9cfd000 	C:\WINDOWS\System32\USER32.dll
0x00007ffbc7b50000 - 0x00007ffbc7b72000 	C:\WINDOWS\System32\win32u.dll
0x00007ffbc9850000 - 0x00007ffbc987b000 	C:\WINDOWS\System32\GDI32.dll
0x00007ffbc82b0000 - 0x00007ffbc83c7000 	C:\WINDOWS\System32\gdi32full.dll
0x00007ffbc8040000 - 0x00007ffbc80dd000 	C:\WINDOWS\System32\msvcp_win.dll
0x00007ffbbaee0000 - 0x00007ffbbb17a000 	C:\WINDOWS\WinSxS\amd64_microsoft.windows.common-controls_6595b64144ccf1df_6.0.19041.4355_none_60b8b9eb71f62e16\COMCTL32.dll
0x00007ffbc8920000 - 0x00007ffbc89be000 	C:\WINDOWS\System32\msvcrt.dll
0x00007ffbac4e0000 - 0x00007ffbac4fb000 	D:\jdk-22.0.2\bin\VCRUNTIME140.dll
0x00007ffbc8710000 - 0x00007ffbc873f000 	C:\WINDOWS\System32\IMM32.DLL
0x00007ffbacb80000 - 0x00007ffbacb8c000 	D:\jdk-22.0.2\bin\vcruntime140_1.dll
0x00007ffba2630000 - 0x00007ffba26be000 	D:\jdk-22.0.2\bin\msvcp140.dll
0x00007ffb75540000 - 0x00007ffb76289000 	D:\jdk-22.0.2\bin\server\jvm.dll
0x00007ffbc8740000 - 0x00007ffbc87f2000 	C:\WINDOWS\System32\ADVAPI32.dll
0x00007ffbca2c0000 - 0x00007ffbca360000 	C:\WINDOWS\System32\sechost.dll
0x00007ffbc9880000 - 0x00007ffbc99a3000 	C:\WINDOWS\System32\RPCRT4.dll
0x00007ffbc7f60000 - 0x00007ffbc7f87000 	C:\WINDOWS\System32\bcrypt.dll
0x00007ffbc91a0000 - 0x00007ffbc920b000 	C:\WINDOWS\System32\WS2_32.dll
0x00007ffbc7460000 - 0x00007ffbc74ab000 	C:\WINDOWS\SYSTEM32\POWRPROF.dll
0x00007ffbb8cb0000 - 0x00007ffbb8cd7000 	C:\WINDOWS\SYSTEM32\WINMM.dll
0x00007ffbc16a0000 - 0x00007ffbc16aa000 	C:\WINDOWS\SYSTEM32\VERSION.dll
0x00007ffbc7410000 - 0x00007ffbc7422000 	C:\WINDOWS\SYSTEM32\UMPDC.dll
0x00007ffbc5810000 - 0x00007ffbc5822000 	C:\WINDOWS\SYSTEM32\kernel.appcore.dll
0x00007ffbac4d0000 - 0x00007ffbac4da000 	D:\jdk-22.0.2\bin\jimage.dll
0x00007ffbb7820000 - 0x00007ffbb7a04000 	C:\WINDOWS\SYSTEM32\DBGHELP.DLL
0x00007ffbb2700000 - 0x00007ffbb2734000 	C:\WINDOWS\SYSTEM32\dbgcore.DLL
0x00007ffbc7bd0000 - 0x00007ffbc7c52000 	C:\WINDOWS\System32\bcryptPrimitives.dll
0x00007ffbabbb0000 - 0x00007ffbabbec000 	D:\jdk-22.0.2\bin\jdwp.dll
0x00007ffbac4c0000 - 0x00007ffbac4cf000 	D:\jdk-22.0.2\bin\instrument.dll
0x00007ffbac3c0000 - 0x00007ffbac3de000 	D:\jdk-22.0.2\bin\java.dll
0x00007ffbc89d0000 - 0x00007ffbc913f000 	C:\WINDOWS\System32\SHELL32.dll
0x00007ffbc9720000 - 0x00007ffbc984b000 	C:\WINDOWS\System32\ole32.dll
0x00007ffbc9240000 - 0x00007ffbc9593000 	C:\WINDOWS\System32\combase.dll
0x00007ffbc5af0000 - 0x00007ffbc6294000 	C:\WINDOWS\SYSTEM32\windows.storage.dll
0x00007ffbc7430000 - 0x00007ffbc745e000 	C:\WINDOWS\SYSTEM32\Wldp.dll
0x00007ffbc83d0000 - 0x00007ffbc849d000 	C:\WINDOWS\System32\OLEAUT32.dll
0x00007ffbc95a0000 - 0x00007ffbc964d000 	C:\WINDOWS\System32\SHCORE.dll
0x00007ffbc9140000 - 0x00007ffbc9195000 	C:\WINDOWS\System32\shlwapi.dll
0x00007ffbc7980000 - 0x00007ffbc79a4000 	C:\WINDOWS\SYSTEM32\profapi.dll
0x00007ffbac4b0000 - 0x00007ffbac4bc000 	D:\jdk-22.0.2\bin\dt_socket.dll
0x00007ffbc6df0000 - 0x00007ffbc6e2b000 	C:\WINDOWS\SYSTEM32\IPHLPAPI.DLL
0x00007ffbc7100000 - 0x00007ffbc716a000 	C:\WINDOWS\system32\mswsock.dll
0x00007ffbc6e30000 - 0x00007ffbc6efa000 	C:\WINDOWS\SYSTEM32\DNSAPI.dll
0x00007ffbc9230000 - 0x00007ffbc9238000 	C:\WINDOWS\System32\NSI.dll
0x00007ffbbfa90000 - 0x00007ffbbfa9a000 	C:\Windows\System32\rasadhlp.dll
0x00007ffbbf4e0000 - 0x00007ffbbf560000 	C:\WINDOWS\System32\fwpuclnt.dll
0x00007ffbac2b0000 - 0x00007ffbac2c7000 	D:\jdk-22.0.2\bin\zip.dll
0x00007ffbac3b0000 - 0x00007ffbac3c0000 	D:\jdk-22.0.2\bin\net.dll
0x00007ffbab870000 - 0x00007ffbab886000 	D:\jdk-22.0.2\bin\nio.dll
0x00007ffbac250000 - 0x00007ffbac25a000 	D:\jdk-22.0.2\bin\management.dll
0x00007ffbac070000 - 0x00007ffbac07b000 	D:\jdk-22.0.2\bin\management_ext.dll
0x00007ffbca360000 - 0x00007ffbca368000 	C:\WINDOWS\System32\PSAPI.DLL
0x00007ffbab450000 - 0x00007ffbab467000 	C:\WINDOWS\system32\napinsp.dll
0x00007ffbab430000 - 0x00007ffbab44b000 	C:\WINDOWS\system32\pnrpnsp.dll
0x00007ffbab410000 - 0x00007ffbab425000 	C:\WINDOWS\system32\wshbth.dll
0x00007ffbc4040000 - 0x00007ffbc405d000 	C:\WINDOWS\system32\NLAapi.dll
0x00007ffbab3f0000 - 0x00007ffbab402000 	C:\WINDOWS\System32\winrnr.dll
0x00007ffbc7350000 - 0x00007ffbc7368000 	C:\WINDOWS\SYSTEM32\CRYPTSP.dll
0x00007ffbc6a30000 - 0x00007ffbc6a64000 	C:\WINDOWS\system32\rsaenh.dll
0x00007ffbc7940000 - 0x00007ffbc796e000 	C:\WINDOWS\SYSTEM32\USERENV.dll
0x00007ffbc73e0000 - 0x00007ffbc73ec000 	C:\WINDOWS\SYSTEM32\CRYPTBASE.dll
0x00007ffbab590000 - 0x00007ffbab599000 	D:\jdk-22.0.2\bin\extnet.dll
0x00007ffba9e70000 - 0x00007ffba9e7e000 	D:\jdk-22.0.2\bin\sunmscapi.dll
0x00007ffbc8150000 - 0x00007ffbc82ac000 	C:\WINDOWS\System32\CRYPT32.dll
0x00007ffbc74f0000 - 0x00007ffbc7517000 	C:\WINDOWS\SYSTEM32\ncrypt.dll
0x00007ffbc74b0000 - 0x00007ffbc74eb000 	C:\WINDOWS\SYSTEM32\NTASN1.dll
0x00007ffb9e2b0000 - 0x00007ffb9e2b7000 	C:\WINDOWS\system32\wshunix.dll

dbghelp: loaded successfully - version: 4.0.5 - missing functions: none
symbol engine: initialized successfully - sym options: 0x614 - pdb path: .;D:\jdk-22.0.2\bin;C:\WINDOWS\SYSTEM32;C:\WINDOWS\WinSxS\amd64_microsoft.windows.common-controls_6595b64144ccf1df_6.0.19041.4355_none_60b8b9eb71f62e16;D:\jdk-22.0.2\bin\server

VM Arguments:
jvm_args: -XX:+ShowCodeDetailsInExceptionMessages -agentlib:jdwp=transport=dt_socket,suspend=y,address=localhost:59912 -Dcom.sun.management.jmxremote -Dcom.sun.management.jmxremote.port=59911 -Dcom.sun.management.jmxremote.authenticate=false -Dcom.sun.management.jmxremote.ssl=false -Djava.rmi.server.hostname=localhost -Dspring.jmx.enabled=true -Dmanagement.endpoints.jmx.exposure.include=* -Dspring.application.admin.enabled=true -XX:TieredStopAtLevel=1 -Dspring.boot.project.name=project_back -javaagent:D:\sts-4.21.1.RELEASE\configuration\org.eclipse.osgi\259\0\.cp\lib\javaagent-shaded.jar -Dfile.encoding=UTF-8 -Dstdout.encoding=UTF-8 -Dstderr.encoding=UTF-8 
java_command: com.restdemo.RestdemoApplication --spring.output.ansi.enabled=always
java_class_path (initial): C:\Users\chzh6\OneDrive\ \project\server\project_back\bin\main;C:\Users\chzh6\.gradle\caches\modules-2\files-2.1\org.mybatis.spring.boot\mybatis-spring-boot-starter\3.0.3\19528356bf8bad2be5f8bf796dfc30bcc4996054\mybatis-spring-boot-starter-3.0.3.jar;C:\Users\chzh6\.gradle\caches\modules-2\files-2.1\org.springframework.boot\spring-boot-starter-jdbc\3.3.0\d2521191455fbf05c8d5bb49f39cb6d8fcb004b\spring-boot-starter-jdbc-3.3.0.jar;C:\Users\chzh6\.gradle\caches\modules-2\files-2.1\org.springframework.boot\spring-boot-starter-security\3.3.0\2d20fb8d3b186343c689a16bd26798cb32309c8\spring-boot-starter-security-3.3.0.jar;C:\Users\chzh6\.gradle\caches\modules-2\files-2.1\org.springframework.boot\spring-boot-starter-web\3.3.0\d8f587bc52e6c31dc4f161a49ce8f5e19f8853a9\spring-boot-starter-web-3.3.0.jar;C:\Users\chzh6\.gradle\caches\modules-2\files-2.1\io.jsonwebtoken\jjwt-api\0.11.5\f742940045619d06383e7df37b21ac422b476cf1\jjwt-api-0.11.5.jar;C:\Users\chzh6\.gradle\caches\modules-2\files-2.1\org.springframework.boot\spring-boot-starter-json\3.3.0\1c9938093b372602f121e2b073f490897388cc71\spring-boot-starter-json-3.3.0.jar;C:\Users\chzh6\.gradle\caches\modules-2\files-2.1\org.springframework.boot\spring-boot-starter\3.3.0\1af929e0fcb10c2bfc3f3619f4ca9049bd927b\spring-boot-starter-3.3.0.jar;C:\Users\chzh6\.gradle\caches\modules-2\files-2.1\com.zaxxer\HikariCP\5.1.0\8c96e36c14461fc436bb02b264b96ef3ca5dca8c\HikariCP-5.1.0.jar;C:\Users\chzh6\.gradle\caches\modules-2\files-2.1\org.springframework\spring-jdbc\6.1.8\a744f02da5a64f2b497f143c461a5d5d675051e6\spring-jdbc-6.1.8.jar;C:\Users\chzh6\.gradle\caches\modules-2\files-2.1\org.springframework.security\spring-security-config\6.3.0\51f6d9efa687095543086735578f34241200bf83\spring-security-config-6.3.0.jar;C:\Users\chzh6\.gradle\caches\modules-2\files-2.1\org.springframework.security\spring-security-web\6.3.0\dfdec2d22d6dff861af9e17e0893e3edc742694a\spring-security-web-6.3.0.jar;C:\Users\chzh6\.gradle\caches\modules-2\files-2.1\org.springframework\spring-webmvc\6.1.8\8496f8c010625bc0b857d19d2e93a9bdd691c1af\spring-webmvc-6.1.8.jar;C:\Users\chzh6\.gradle\caches\modules-2\files-2.1\org.springframework.security\spring-security-core\6.3.0\5775b401f2764e72bc8a47300a940b2d1e4ea719\spring-security-core-6.3.0.jar;C:\Users\chzh6\.gradle\caches\modules-2\files-2.1\org.mybatis.spring.boot\mybatis-spring-boot-autoconfigure\3.0.3\b73a2effa4f60a2eeca98aa12ea3437faede0f73\mybatis-spring-boot-autoconfigure-3.0.3.jar;C:\Users\chzh6\.gradle\caches\modules-2\files-2.1\org.springframework.boot\spring-boot-autoconfigure\3.3.0\1d98cfa94223e6a3a0e0ad301822cef90cc04fbc\spring-boot-autoconfigure-3.3.0.jar;C:\Users\chzh6\.gradle\caches\modules-2\files-2.1\org.springframework.boot\spring-boot\3.3.0\83d42f81f312d71b9425f58d1d3f9e8970e51b22\spring-boot-3.3.0.jar;C:\Users\chzh6\.gradle\caches\modules-2\files-2.1\org.springframework\spring-context\6.1.8\21219a0df58e5b96ef489a172b449232573352e8\spring-context-6.1.8.jar;C:\Users\chzh6\.gradle\caches\modules-2\files-2.1\org.springframework\spring-aop\6.1.8\ef793a21e405a88d9d32b92cb459c845ee12b271\spring-aop-6.1.8.jar;C:\Users\chzh6\.gradle\caches\modules-2\files-2.1\org.springframework.boot\spring-boot-starter-tomcat\3.3.0\f9cdd6f3976d307e10cce065349e331d7162faf2\spring-boot-starter-tomcat-3.3.0.jar;C:\Users\chzh6\.gradle\caches\modules-2\files-2.1\org.springframework\spring-web\6.1.8\1461405dc325c82a0a058df033bee3d8c6dd6e41\spring-web-6.1.8.jar;C:\Users\chzh6\.gradle\caches\modules-2\files-2.1\org.mybatis\mybatis\3.5.14\d94d2267d1caf1c31748123e671dcea5ad1a6f8\mybatis-3.5.14.jar;C:\Users\chzh6\.gradle\caches\modules-2\files-2.1\org.mybatis\mybatis-spring\3.0.3\5a4ab31bfb62bca615b39ade93de2a607e9b9403\mybatis-spring-3.0.3.jar;C:\Users\chzh6\.gradle\caches\modules-2\files-2.1\org.springframework.boot\spring-boot-starter-logging\3.3.0\79a400c9d7ce3a7cecf296fda402e3100a099bce\spring-boot-starter-logging-3.3.0.jar;C:\Users\chzh6\.gradle\caches\modules-2\files-2.1\jakarta.annotation\jakarta.annotation-api\2.1.1\48b9bda22b091b1f48b13af03fe36db3be6e1ae3\jakarta.annotation-api-2.1.1.jar;C:\Users\chzh6\.gradle\caches\modules-2\files-2.1\org.springframework\spring-tx\6.1.8\1f0249f1785d39f9e21694aaeb4b02916abda632\spring-tx-6.1.8.jar;C:\Users\chzh6\.gradle\caches\modules-2\files-2.1\org.springframework\spring-beans\6.1.8\79a5e45383542ff514b5328fe277410cf4054f3b\spring-beans-6.1.8.jar;C:\Users\chzh6\.gradle\caches\modules-2\files-2.1\org.springframework\spring-expression\6.1.8\dcf78ef442c24f32ff8c6a9746e7f5209b330111\spring-expression-6.1.8.jar;C:\Users\chzh6\.gradle\caches\modules-2\files-2.1\org.springframework\spring-core\6.1.8\141fc11a5dbaa503fe361150312ad0fa9d9c03da\spring-core-6.1.8.jar;C:\Users\chzh6\.gradle\caches\modules-2\files-2.1\org.yaml\snakeyaml\2.2\3af797a25458550a16bf89acc8e4ab2b7f2bfce0\snakeyaml-2.2.jar;C:\Users\chzh6\.gradle\caches\modules-2\files-2.1\ch.qos.logback\logback-classic\1.5.6\afc75d260d838a3bddfb8f207c2805ed7d1b34f9\logback-classic-1.5.6.jar;C:\Users\chzh6\.gradle\caches\modules-2\files-2.1\org.apache.logging.log4j\log4j-to-slf4j\2.23.1\425ad1eb8a39904d2830e907a324e956fb456520\log4j-to-slf4j-2.23.1.jar;C:\Users\chzh6\.gradle\caches\modules-2\files-2.1\org.slf4j\jul-to-slf4j\2.0.13\a3bcd9d9dd50c71ce69f06b1fd05e40fdeff6ba5\jul-to-slf4j-2.0.13.jar;C:\Users\chzh6\.gradle\caches\modules-2\files-2.1\org.slf4j\slf4j-api\2.0.13\80229737f704b121a318bba5d5deacbcf395bc77\slf4j-api-2.0.13.jar;C:\Users\chzh6\.gradle\caches\modules-2\files-2.1\com.fasterxml.jackson.datatype\jackson-datatype-jsr310\2.17.1\969b0c3cb8c75d759e9a6c585c44c9b9f3a4f75\jackson-datatype-jsr310-2.17.1.jar;C:\Users\chzh6\.gradle\caches\modules-2\files-2.1\com.fasterxml.jackson.module\jackson-module-parameter-names\2.17.1\74a998f6fbcedbddedf0a27e8ce72078b2e516a6\jackson-module-parameter-names-2.17.1.jar;C:\Users\chzh6\.gradle\caches\modules-2\files-2.1\com.fasterxml.jackson.core\jackson-annotations\2.17.1\fca7ef6192c9ad05d07bc50da991bf937a84af3a\jackson-annotations-2.17.1.jar;C:\Users\chzh6\.gradle\caches\modules-2\files-2.1\com.fasterxml.jackson.core\jackson-core\2.17.1\5e52a11644cd59a28ef79f02bddc2cc3bab45edb\jackson-core-2.17.1.jar;C:\Users\chzh6\.gradle\caches\modules-2\files-2.1\com.fasterxml.jackson.datatype\jackson-datatype-jdk8\2.17.1\76b495194c36058904c82e288d285a1bd13f0ffa\jackson-datatype-jdk8-2.17.1.jar;C:\Users\chzh6\.gradle\caches\modules-2\files-2.1\com.fasterxml.jackson.core\jackson-databind\2.17.1\524dcbcccdde7d45a679dfc333e4763feb09079\jackson-databind-2.17.1.jar;C:\Users\chzh6\.gradle\caches\modules-2\files-2.1\org.apache.tomcat.embed\tomcat-embed-websocket\10.1.24\938419aba5a4f4645b9cd23a9e1d5453e85d09b9\tomcat-embed-websocket-10.1.24.jar;C:\Users\chzh6\.gradle\caches\modules-2\files-2.1\org.apache.tomcat.embed\tomcat-embed-core\10.1.24\cd9358f0a26d26e1a2c7200f69cb9a302c20ceb4\tomcat-embed-core-10.1.24.jar;C:\Users\chzh6\.gradle\caches\modules-2\files-2.1\org.apache.tomcat.embed\tomcat-embed-el\10.1.24\6e9c9dce63c10f903cb0aaaeff45f5f7092f5527\tomcat-embed-el-10.1.24.jar;C:\Users\chzh6\.gradle\caches\modules-2\files-2.1\io.micrometer\micrometer-observation\1.13.0\5aa75fbb4367dc3b28e557d14535d21335dc8985\micrometer-observation-1.13.0.jar;C:\Users\chzh6\.gradle\caches\modules-2\files-2.1\org.springframework\spring-jcl\6.1.8\a545266a6efac9283353a922783a0a06f197ec0\spring-jcl-6.1.8.jar;C:\Users\chzh6\.gradle\caches\modules-2\files-2.1\org.springframework.security\spring-security-crypto\6.3.0\78f15b86c791fc7af446cec84ccd941e2eee32cb\spring-security-crypto-6.3.0.jar;C:\Users\chzh6\.gradle\caches\modules-2\files-2.1\io.micrometer\micrometer-commons\1.13.0\156a59aff8d72c5e631eb4a2d739373ed5881609\micrometer-commons-1.13.0.jar;C:\Users\chzh6\.gradle\caches\modules-2\files-2.1\ch.qos.logback\logback-core\1.5.6\41cbe874701200c5624c19e0ab50d1b88dfcc77d\logback-core-1.5.6.jar;C:\Users\chzh6\.gradle\caches\modules-2\files-2.1\org.apache.logging.log4j\log4j-api\2.23.1\9c15c29c526d9c6783049c0a77722693c66706e1\log4j-api-2.23.1.jar;C:\Users\chzh6\.gradle\caches\modules-2\files-2.1\org.springframework.boot\spring-boot-devtools\3.3.0\39c6e0d1648deda614d6876524a2778cbd3ddc3c\spring-boot-devtools-3.3.0.jar;C:\Users\chzh6\.gradle\caches\modules-2\files-2.1\io.jsonwebtoken\jjwt-impl\0.11.5\40a599f0e8a8e4e0701596fbb15e67bfda64fdf0\jjwt-impl-0.11.5.jar;C:\Users\chzh6\.gradle\caches\modules-2\files-2.1\io.jsonwebtoken\jjwt-jackson\0.11.5\3b83a06809e98a69402d7333dcf67df6f6ea4579\jjwt-jackson-0.11.5.jar;C:\Users\chzh6\.gradle\caches\modules-2\files-2.1\org.mariadb.jdbc\mariadb-java-client\3.3.3\149f773186f5b7d2e840cfaecf4e3bcdddf7b065\mariadb-java-client-3.3.3.jar;C:\Users\chzh6\.gradle\caches\modules-2\files-2.1\com.github.waffle\waffle-jna\3.3.0\6c1a06b345702bb1dfd77006af926b091bded851\waffle-jna-3.3.0.jar;C:\Users\chzh6\.gradle\caches\modules-2\files-2.1\org.slf4j\jcl-over-slf4j\2.0.13\d062d6e35605aabee0c727a950e29d39ac0a262e\jcl-over-slf4j-2.0.13.jar;C:\Users\chzh6\.gradle\caches\modules-2\files-2.1\net.java.dev.jna\jna-platform\5.13.0\88e9a306715e9379f3122415ef4ae759a352640d\jna-platform-5.13.0.jar;C:\Users\chzh6\.gradle\caches\modules-2\files-2.1\net.java.dev.jna\jna\5.13.0\1200e7ebeedbe0d10062093f32925a912020e747\jna-5.13.0.jar;C:\Users\chzh6\.gradle\caches\modules-2\files-2.1\com.github.ben-manes.caffeine\caffeine\3.1.8\24795585df8afaf70a2cd534786904ea5889c047\caffeine-3.1.8.jar;C:\Users\chzh6\.gradle\caches\modules-2\files-2.1\org.checkerframework\checker-qual\3.37.0\ba74746d38026581c12166e164bb3c15e90cc4ea\checker-qual-3.37.0.jar;C:\Users\chzh6\.gradle\caches\modules-2\files-2.1\com.google.errorprone\error_prone_annotations\2.21.1\6d9b10773b5237df178a7b3c1b4208df7d0e7f94\error_prone_annotations-2.21.1.jar
Launcher Type: SUN_STANDARD

[Global flags]
     intx CICompilerCount                          = 3                                         {product} {ergonomic}
     uint ConcGCThreads                            = 1                                         {product} {ergonomic}
     uint G1ConcRefinementThreads                  = 4                                         {product} {ergonomic}
   size_t G1HeapRegionSize                         = 2097152                                   {product} {ergonomic}
   size_t InitialHeapSize                          = 268435456                                 {product} {ergonomic}
     bool ManagementServer                         = true                                      {product} {command line}
   size_t MarkStackSize                            = 4194304                                   {product} {ergonomic}
   size_t MaxHeapSize                              = 4286578688                                {product} {ergonomic}
   size_t MaxNewSize                               = 2571108352                                {product} {ergonomic}
   size_t MinHeapDeltaBytes                        = 2097152                                   {product} {ergonomic}
   size_t MinHeapSize                              = 8388608                                   {product} {ergonomic}
    uintx NonNMethodCodeHeapSize                   = 4096                                   {pd product} {ergonomic}
    uintx NonProfiledCodeHeapSize                  = 0                                      {pd product} {ergonomic}
     bool ProfileInterpreter                       = false                                  {pd product} {command line}
    uintx ProfiledCodeHeapSize                     = 0                                      {pd product} {ergonomic}
     bool ShowCodeDetailsInExceptionMessages       = true                                   {manageable} {command line}
   size_t SoftMaxHeapSize                          = 4286578688                             {manageable} {ergonomic}
     intx TieredStopAtLevel                        = 1                                         {product} {command line}
     bool UseCompressedOops                        = true                           {product lp64_product} {ergonomic}
     bool UseG1GC                                  = true                                      {product} {ergonomic}
     bool UseLargePagesIndividualAllocation        = false                                  {pd product} {ergonomic}

Logging:
Log output configuration:
 #0: stdout all=warning uptime,level,tags foldmultilines=false
 #1: stderr all=off uptime,level,tags foldmultilines=false

Environment Variables:
JAVA_HOME=D:\jdk-22.0.2
PATH=D:/sts-4.21.1.RELEASE//plugins/org.eclipse.justj.openjdk.hotspot.jre.full.win32.x86_64_17.0.10.v20240120-1143/jre/bin/server;D:/sts-4.21.1.RELEASE//plugins/org.eclipse.justj.openjdk.hotspot.jre.full.win32.x86_64_17.0.10.v20240120-1143/jre/bin;C:\WINDOWS\system32;C:\WINDOWS;C:\WINDOWS\System32\Wbem;C:\WINDOWS\System32\WindowsPowerShell\v1.0\;C:\WINDOWS\System32\OpenSSH\;C:\Program Files (x86)\ojdkbuild\java-1.8.0-openjdk-1.8.0.332-1\bin;C:\Program Files (x86)\ojdkbuild\java-1.8.0-openjdk-1.8.0.332-1\jre\bin;C:\Program Files\ojdkbuild\java-1.8.0-openjdk-1.8.0.332-1\bin;C:\Program Files\ojdkbuild\java-1.8.0-openjdk-1.8.0.332-1\jre\bin;C:\nodejs\;D:\Git\cmd;D:\OpenSSL-Win64\bin;C:\Users\chzh6\AppData\Local\Microsoft\WindowsApps;C:\Users\chzh6\AppData\Local\afreeca;C:\ProgramData\chzh6\GitHubDesktop\bin;C:\Users\chzh6\AppData\Local\Programs\Microsoft VS Code\bin;C:\Users\chzh6\AppData\Roaming\npm;;C:\Users\chzh6\AppData\Local\SOOP;D:\sts-4.21.1.RELEASE;
USERNAME=chzh6
OS=Windows_NT
PROCESSOR_IDENTIFIER=Intel64 Family 6 Model 158 Stepping 9, GenuineIntel
TMP=C:\Users\chzh6\AppData\Local\Temp
TEMP=C:\Users\chzh6\AppData\Local\Temp




Periodic native trim disabled

---------------  S Y S T E M  ---------------

OS:
 Windows 10 , 64 bit Build 19041 (10.0.19041.4957)
OS uptime: 0 days 15:18 hours

CPU: total 4 (initial active 4) (4 cores per cpu, 1 threads per core) family 6 model 158 stepping 9 microcode 0xb4, cx8, cmov, fxsr, mmx, 3dnowpref, sse, sse2, sse3, ssse3, sse4.1, sse4.2, popcnt, lzcnt, tsc, tscinvbit, avx, avx2, aes, erms, clmul, bmi1, bmi2, rtm, adx, fma, vzeroupper, clflush, clflushopt, rdtscp, f16c
Processor Information for all 4 processors :
  Max Mhz: 3401, Current Mhz: 3401, Mhz Limit: 3401

Memory: 4k page, system-wide physical 16347M (8147M free)
TotalPageFile size 18779M (AvailPageFile size 4307M)
current process WorkingSet (physical memory assigned to process): 195M, peak: 199M
current process commit charge ("private bytes"): 225M, peak: 369M

vm_info: Java HotSpot(TM) 64-Bit Server VM (22.0.2+9-70) for windows-amd64 JRE (22.0.2+9-70), built on 2024-06-04T16:52:23Z by "mach5one" with MS VC++ 17.6 (VS2022)

END.
